[2025-07-08T06:26:52.705+0000] {processor.py:156} INFO - Started process (PID=4257) to work on /opt/airflow/dags/etl.py
[2025-07-08T06:26:52.706+0000] {processor.py:758} INFO - Processing file /opt/airflow/dags/etl.py for tasks to queue
[2025-07-08T06:26:52.707+0000] {logging_mixin.py:117} INFO - [2025-07-08T06:26:52.707+0000] {dagbag.py:525} INFO - Filling up the DagBag from /opt/airflow/dags/etl.py
[2025-07-08T06:26:52.813+0000] {processor.py:768} INFO - DAG(s) dict_keys(['etl_local_pipeline']) retrieved from /opt/airflow/dags/etl.py
[2025-07-08T06:26:52.828+0000] {logging_mixin.py:117} INFO - [2025-07-08T06:26:52.828+0000] {dag.py:2573} INFO - Sync 1 DAGs
[2025-07-08T06:26:52.837+0000] {logging_mixin.py:117} INFO - [2025-07-08T06:26:52.837+0000] {dag.py:3328} INFO - Setting next_dagrun for etl_local_pipeline to None, run_after=None
[2025-07-08T06:26:52.844+0000] {processor.py:178} INFO - Processing /opt/airflow/dags/etl.py took 0.143 seconds
[2025-07-08T06:27:23.198+0000] {processor.py:156} INFO - Started process (PID=4322) to work on /opt/airflow/dags/etl.py
[2025-07-08T06:27:23.199+0000] {processor.py:758} INFO - Processing file /opt/airflow/dags/etl.py for tasks to queue
[2025-07-08T06:27:23.200+0000] {logging_mixin.py:117} INFO - [2025-07-08T06:27:23.200+0000] {dagbag.py:525} INFO - Filling up the DagBag from /opt/airflow/dags/etl.py
[2025-07-08T06:27:23.303+0000] {processor.py:768} INFO - DAG(s) dict_keys(['etl_local_pipeline']) retrieved from /opt/airflow/dags/etl.py
[2025-07-08T06:27:23.317+0000] {logging_mixin.py:117} INFO - [2025-07-08T06:27:23.317+0000] {dag.py:2573} INFO - Sync 1 DAGs
[2025-07-08T06:27:23.325+0000] {logging_mixin.py:117} INFO - [2025-07-08T06:27:23.325+0000] {dag.py:3328} INFO - Setting next_dagrun for etl_local_pipeline to None, run_after=None
[2025-07-08T06:27:23.333+0000] {processor.py:178} INFO - Processing /opt/airflow/dags/etl.py took 0.140 seconds
[2025-07-08T06:27:53.636+0000] {processor.py:156} INFO - Started process (PID=4387) to work on /opt/airflow/dags/etl.py
[2025-07-08T06:27:53.637+0000] {processor.py:758} INFO - Processing file /opt/airflow/dags/etl.py for tasks to queue
[2025-07-08T06:27:53.638+0000] {logging_mixin.py:117} INFO - [2025-07-08T06:27:53.638+0000] {dagbag.py:525} INFO - Filling up the DagBag from /opt/airflow/dags/etl.py
[2025-07-08T06:27:53.749+0000] {processor.py:768} INFO - DAG(s) dict_keys(['etl_local_pipeline']) retrieved from /opt/airflow/dags/etl.py
[2025-07-08T06:27:53.766+0000] {logging_mixin.py:117} INFO - [2025-07-08T06:27:53.766+0000] {dag.py:2573} INFO - Sync 1 DAGs
[2025-07-08T06:27:53.775+0000] {logging_mixin.py:117} INFO - [2025-07-08T06:27:53.774+0000] {dag.py:3328} INFO - Setting next_dagrun for etl_local_pipeline to None, run_after=None
[2025-07-08T06:27:53.782+0000] {processor.py:178} INFO - Processing /opt/airflow/dags/etl.py took 0.150 seconds
[2025-07-08T06:28:24.139+0000] {processor.py:156} INFO - Started process (PID=4452) to work on /opt/airflow/dags/etl.py
[2025-07-08T06:28:24.140+0000] {processor.py:758} INFO - Processing file /opt/airflow/dags/etl.py for tasks to queue
[2025-07-08T06:28:24.141+0000] {logging_mixin.py:117} INFO - [2025-07-08T06:28:24.141+0000] {dagbag.py:525} INFO - Filling up the DagBag from /opt/airflow/dags/etl.py
[2025-07-08T06:28:24.241+0000] {processor.py:768} INFO - DAG(s) dict_keys(['etl_local_pipeline']) retrieved from /opt/airflow/dags/etl.py
[2025-07-08T06:28:24.256+0000] {logging_mixin.py:117} INFO - [2025-07-08T06:28:24.256+0000] {dag.py:2573} INFO - Sync 1 DAGs
[2025-07-08T06:28:24.266+0000] {logging_mixin.py:117} INFO - [2025-07-08T06:28:24.266+0000] {dag.py:3328} INFO - Setting next_dagrun for etl_local_pipeline to None, run_after=None
[2025-07-08T06:28:24.274+0000] {processor.py:178} INFO - Processing /opt/airflow/dags/etl.py took 0.138 seconds
